d:\projects\the-duck-adventure-sfml\x64\debug\vc143.pdb
d:\projects\the-duck-adventure-sfml\x64\debug\vc143.idb
d:\projects\the-duck-adventure-sfml\x64\debug\platform.obj
d:\projects\the-duck-adventure-sfml\x64\debug\main.obj
d:\projects\the-duck-adventure-sfml\x64\debug\static.obj
d:\projects\the-duck-adventure-sfml\x64\debug\duck.obj
d:\projects\the-duck-adventure-sfml\x64\debug\obstacles.obj
d:\projects\the-duck-adventure-sfml\x64\debug\game.obj
d:\projects\the-duck-adventure-sfml\x64\debug\collectibles.obj
d:\projects\the-duck-adventure-sfml\x64\debug\exception.obj
d:\projects\the-duck-adventure-sfml\x64\debug\the-duck-adventure-sfml.exe
d:\projects\the-duck-adventure-sfml\x64\debug\the-duck-adventure-sfml.ilk
d:\projects\the-duck-adventure-sfml\x64\debug\the-duck-adventure-sfml.pdb
c:\users\david\source\repos\goose-game\x64\debug\collectibles.obj
c:\users\david\source\repos\goose-game\x64\debug\duck.obj
c:\users\david\source\repos\goose-game\x64\debug\exception.obj
c:\users\david\source\repos\goose-game\x64\debug\game.obj
c:\users\david\source\repos\goose-game\x64\debug\main.obj
c:\users\david\source\repos\goose-game\x64\debug\obstacles.obj
c:\users\david\source\repos\goose-game\x64\debug\platform.obj
c:\users\david\source\repos\goose-game\x64\debug\static.obj
c:\users\david\source\repos\goose-game\x64\debug\duck.obj.enc
c:\users\david\source\repos\goose-game\x64\debug\the-duck-adventure-sfml.ilk
c:\users\david\source\repos\goose-game\x64\debug\vc143.idb
c:\users\david\source\repos\goose-game\x64\debug\the-duck-adventure-sfml.pdb
c:\users\david\source\repos\goose-game\x64\debug\vc143.pdb
c:\users\david\source\repos\goose-game\x64\debug\the-duck-adventure-sfml.exe
c:\users\david\source\repos\goose-game\x64\debug\the-duck.3777d8a4.tlog\cl.command.1.tlog
c:\users\david\source\repos\goose-game\x64\debug\the-duck.3777d8a4.tlog\cl.items.tlog
c:\users\david\source\repos\goose-game\x64\debug\the-duck.3777d8a4.tlog\cl.read.1.tlog
c:\users\david\source\repos\goose-game\x64\debug\the-duck.3777d8a4.tlog\cl.write.1.tlog
c:\users\david\source\repos\goose-game\x64\debug\the-duck.3777d8a4.tlog\link.command.1.tlog
c:\users\david\source\repos\goose-game\x64\debug\the-duck.3777d8a4.tlog\link.read.1.tlog
c:\users\david\source\repos\goose-game\x64\debug\the-duck.3777d8a4.tlog\link.write.1.tlog
